2016-12-06 14:22:42.084  INFO 4404 --- [main] c.l.gomes.MagicUniverseApplication       : Starting MagicUniverseApplication on LeoGomes-PC with PID 4404 (started by Leo Gomes in C:\Users\Leo Gomes\Documents\MEGA\Faculdade\2016-2\Aplicacoes Web\MagicUniverse)
2016-12-06 14:22:42.098  INFO 4404 --- [main] c.l.gomes.MagicUniverseApplication       : No active profile set, falling back to default profiles: default
2016-12-06 14:22:53.384  INFO 4404 --- [main] o.apache.catalina.core.StandardService   : Starting service Tomcat
2016-12-06 14:22:53.388  INFO 4404 --- [main] org.apache.catalina.core.StandardEngine  : Starting Servlet Engine: Apache Tomcat/8.5.6
2016-12-06 14:22:54.026  INFO 4404 --- [localhost-startStop-1] o.a.c.c.C.[Tomcat].[localhost].[/]       : Initializing Spring embedded WebApplicationContext
2016-12-06 14:22:56.080  INFO 4404 --- [main] o.hibernate.jpa.internal.util.LogHelper  : HHH000204: Processing PersistenceUnitInfo [
	name: default
	...]
2016-12-06 14:22:56.600  INFO 4404 --- [main] org.hibernate.Version                    : HHH000412: Hibernate Core {5.0.11.Final}
2016-12-06 14:22:56.602  INFO 4404 --- [main] org.hibernate.cfg.Environment            : HHH000206: hibernate.properties not found
2016-12-06 14:22:56.611  INFO 4404 --- [main] org.hibernate.cfg.Environment            : HHH000021: Bytecode provider name : javassist
2016-12-06 14:22:56.849  INFO 4404 --- [main] o.hibernate.annotations.common.Version   : HCANN000001: Hibernate Commons Annotations {5.0.1.Final}
2016-12-06 14:22:57.323  INFO 4404 --- [main] org.hibernate.dialect.Dialect            : HHH000400: Using dialect: org.hibernate.dialect.H2Dialect
2016-12-06 14:22:58.625  INFO 4404 --- [main] org.hibernate.tool.hbm2ddl.SchemaExport  : HHH000227: Running hbm2ddl schema export
2016-12-06 14:22:58.646  INFO 4404 --- [main] org.hibernate.tool.hbm2ddl.SchemaExport  : HHH000230: Schema export complete
2016-12-06 14:23:04.606  INFO 4404 --- [main] c.l.gomes.MagicUniverseApplication       : Started MagicUniverseApplication in 23.778 seconds (JVM running for 24.527)
2016-12-06 14:24:31.942  INFO 4404 --- [http-nio-8012-exec-1] o.a.c.c.C.[Tomcat].[localhost].[/]       : Initializing Spring FrameworkServlet 'dispatcherServlet'
2016-12-06 14:25:37.533 ERROR 4404 --- [http-nio-8012-exec-2] o.a.c.c.C.[.[.[/].[dispatcherServlet]    : Servlet.service() for servlet [dispatcherServlet] in context with path [] threw exception [Request processing failed; nested exception is org.springframework.web.client.HttpClientErrorException: 403 Forbidden] with root cause

org.springframework.web.client.HttpClientErrorException: 403 Forbidden
	at org.springframework.web.client.DefaultResponseErrorHandler.handleError(DefaultResponseErrorHandler.java:91) ~[spring-web-4.3.4.RELEASE.jar:4.3.4.RELEASE]
	at org.springframework.web.client.RestTemplate.handleResponse(RestTemplate.java:667) ~[spring-web-4.3.4.RELEASE.jar:4.3.4.RELEASE]
	at org.springframework.web.client.RestTemplate.doExecute(RestTemplate.java:620) ~[spring-web-4.3.4.RELEASE.jar:4.3.4.RELEASE]
	at org.springframework.web.client.RestTemplate.execute(RestTemplate.java:580) ~[spring-web-4.3.4.RELEASE.jar:4.3.4.RELEASE]
	at org.springframework.web.client.RestTemplate.getForObject(RestTemplate.java:287) ~[spring-web-4.3.4.RELEASE.jar:4.3.4.RELEASE]
	at com.leonardo.gomes.controller.AdminController.consomeApiCartas(AdminController.java:30) ~[classes/:na]
	at com.leonardo.gomes.controller.AdminController.importa(AdminController.java:24) ~[classes/:na]
	at sun.reflect.NativeMethodAccessorImpl.invoke0(Native Method) ~[na:1.8.0_91]
	at sun.reflect.NativeMethodAccessorImpl.invoke(Unknown Source) ~[na:1.8.0_91]
	at sun.reflect.DelegatingMethodAccessorImpl.invoke(Unknown Source) ~[na:1.8.0_91]
	at java.lang.reflect.Method.invoke(Unknown Source) ~[na:1.8.0_91]
	at org.springframework.web.method.support.InvocableHandlerMethod.doInvoke(InvocableHandlerMethod.java:220) ~[spring-web-4.3.4.RELEASE.jar:4.3.4.RELEASE]
	at org.springframework.web.method.support.InvocableHandlerMethod.invokeForRequest(InvocableHandlerMethod.java:134) ~[spring-web-4.3.4.RELEASE.jar:4.3.4.RELEASE]
	at org.springframework.web.servlet.mvc.method.annotation.ServletInvocableHandlerMethod.invokeAndHandle(ServletInvocableHandlerMethod.java:116) ~[spring-webmvc-4.3.4.RELEASE.jar:4.3.4.RELEASE]
	at org.springframework.web.servlet.mvc.method.annotation.RequestMappingHandlerAdapter.invokeHandlerMethod(RequestMappingHandlerAdapter.java:827) ~[spring-webmvc-4.3.4.RELEASE.jar:4.3.4.RELEASE]
	at org.springframework.web.servlet.mvc.method.annotation.RequestMappingHandlerAdapter.handleInternal(RequestMappingHandlerAdapter.java:738) ~[spring-webmvc-4.3.4.RELEASE.jar:4.3.4.RELEASE]
	at org.springframework.web.servlet.mvc.method.AbstractHandlerMethodAdapter.handle(AbstractHandlerMethodAdapter.java:85) ~[spring-webmvc-4.3.4.RELEASE.jar:4.3.4.RELEASE]
	at org.springframework.web.servlet.DispatcherServlet.doDispatch(DispatcherServlet.java:963) ~[spring-webmvc-4.3.4.RELEASE.jar:4.3.4.RELEASE]
	at org.springframework.web.servlet.DispatcherServlet.doService(DispatcherServlet.java:897) ~[spring-webmvc-4.3.4.RELEASE.jar:4.3.4.RELEASE]
	at org.springframework.web.servlet.FrameworkServlet.processRequest(FrameworkServlet.java:970) ~[spring-webmvc-4.3.4.RELEASE.jar:4.3.4.RELEASE]
	at org.springframework.web.servlet.FrameworkServlet.doPost(FrameworkServlet.java:872) ~[spring-webmvc-4.3.4.RELEASE.jar:4.3.4.RELEASE]
	at javax.servlet.http.HttpServlet.service(HttpServlet.java:648) ~[tomcat-embed-core-8.5.6.jar:8.5.6]
	at org.springframework.web.servlet.FrameworkServlet.service(FrameworkServlet.java:846) ~[spring-webmvc-4.3.4.RELEASE.jar:4.3.4.RELEASE]
	at javax.servlet.http.HttpServlet.service(HttpServlet.java:729) ~[tomcat-embed-core-8.5.6.jar:8.5.6]
	at org.apache.catalina.core.ApplicationFilterChain.internalDoFilter(ApplicationFilterChain.java:230) ~[tomcat-embed-core-8.5.6.jar:8.5.6]
	at org.apache.catalina.core.ApplicationFilterChain.doFilter(ApplicationFilterChain.java:165) ~[tomcat-embed-core-8.5.6.jar:8.5.6]
	at org.apache.tomcat.websocket.server.WsFilter.doFilter(WsFilter.java:52) ~[tomcat-embed-websocket-8.5.6.jar:8.5.6]
	at org.apache.catalina.core.ApplicationFilterChain.internalDoFilter(ApplicationFilterChain.java:192) ~[tomcat-embed-core-8.5.6.jar:8.5.6]
	at org.apache.catalina.core.ApplicationFilterChain.doFilter(ApplicationFilterChain.java:165) ~[tomcat-embed-core-8.5.6.jar:8.5.6]
	at org.springframework.security.web.FilterChainProxy$VirtualFilterChain.doFilter(FilterChainProxy.java:317) ~[spring-security-web-4.1.3.RELEASE.jar:4.1.3.RELEASE]
	at org.springframework.security.web.access.intercept.FilterSecurityInterceptor.invoke(FilterSecurityInterceptor.java:127) ~[spring-security-web-4.1.3.RELEASE.jar:4.1.3.RELEASE]
	at org.springframework.security.web.access.intercept.FilterSecurityInterceptor.doFilter(FilterSecurityInterceptor.java:91) ~[spring-security-web-4.1.3.RELEASE.jar:4.1.3.RELEASE]
	at org.springframework.security.web.FilterChainProxy$VirtualFilterChain.doFilter(FilterChainProxy.java:331) ~[spring-security-web-4.1.3.RELEASE.jar:4.1.3.RELEASE]
	at org.springframework.security.web.access.ExceptionTranslationFilter.doFilter(ExceptionTranslationFilter.java:115) ~[spring-security-web-4.1.3.RELEASE.jar:4.1.3.RELEASE]
	at org.springframework.security.web.FilterChainProxy$VirtualFilterChain.doFilter(FilterChainProxy.java:331) ~[spring-security-web-4.1.3.RELEASE.jar:4.1.3.RELEASE]
	at org.springframework.security.web.session.SessionManagementFilter.doFilter(SessionManagementFilter.java:137) ~[spring-security-web-4.1.3.RELEASE.jar:4.1.3.RELEASE]
	at org.springframework.security.web.FilterChainProxy$VirtualFilterChain.doFilter(FilterChainProxy.java:331) ~[spring-security-web-4.1.3.RELEASE.jar:4.1.3.RELEASE]
	at org.springframework.security.web.authentication.AnonymousAuthenticationFilter.doFilter(AnonymousAuthenticationFilter.java:111) ~[spring-security-web-4.1.3.RELEASE.jar:4.1.3.RELEASE]
	at org.springframework.security.web.FilterChainProxy$VirtualFilterChain.doFilter(FilterChainProxy.java:331) ~[spring-security-web-4.1.3.RELEASE.jar:4.1.3.RELEASE]
	at org.springframework.security.web.servletapi.SecurityContextHolderAwareRequestFilter.doFilter(SecurityContextHolderAwareRequestFilter.java:169) ~[spring-security-web-4.1.3.RELEASE.jar:4.1.3.RELEASE]
	at org.springframework.security.web.FilterChainProxy$VirtualFilterChain.doFilter(FilterChainProxy.java:331) ~[spring-security-web-4.1.3.RELEASE.jar:4.1.3.RELEASE]
	at org.springframework.security.web.savedrequest.RequestCacheAwareFilter.doFilter(RequestCacheAwareFilter.java:63) ~[spring-security-web-4.1.3.RELEASE.jar:4.1.3.RELEASE]
	at org.springframework.security.web.FilterChainProxy$VirtualFilterChain.doFilter(FilterChainProxy.java:331) ~[spring-security-web-4.1.3.RELEASE.jar:4.1.3.RELEASE]
	at org.springframework.security.web.authentication.AbstractAuthenticationProcessingFilter.doFilter(AbstractAuthenticationProcessingFilter.java:200) ~[spring-security-web-4.1.3.RELEASE.jar:4.1.3.RELEASE]
	at org.springframework.security.web.FilterChainProxy$VirtualFilterChain.doFilter(FilterChainProxy.java:331) ~[spring-security-web-4.1.3.RELEASE.jar:4.1.3.RELEASE]
	at org.springframework.security.web.authentication.logout.LogoutFilter.doFilter(LogoutFilter.java:121) ~[spring-security-web-4.1.3.RELEASE.jar:4.1.3.RELEASE]
	at org.springframework.security.web.FilterChainProxy$VirtualFilterChain.doFilter(FilterChainProxy.java:331) ~[spring-security-web-4.1.3.RELEASE.jar:4.1.3.RELEASE]
	at org.springframework.security.web.csrf.CsrfFilter.doFilterInternal(CsrfFilter.java:124) ~[spring-security-web-4.1.3.RELEASE.jar:4.1.3.RELEASE]
	at org.springframework.web.filter.OncePerRequestFilter.doFilter(OncePerRequestFilter.java:107) ~[spring-web-4.3.4.RELEASE.jar:4.3.4.RELEASE]
	at org.springframework.security.web.FilterChainProxy$VirtualFilterChain.doFilter(FilterChainProxy.java:331) ~[spring-security-web-4.1.3.RELEASE.jar:4.1.3.RELEASE]
	at org.springframework.security.web.header.HeaderWriterFilter.doFilterInternal(HeaderWriterFilter.java:66) ~[spring-security-web-4.1.3.RELEASE.jar:4.1.3.RELEASE]
	at org.springframework.web.filter.OncePerRequestFilter.doFilter(OncePerRequestFilter.java:107) ~[spring-web-4.3.4.RELEASE.jar:4.3.4.RELEASE]
	at org.springframework.security.web.FilterChainProxy$VirtualFilterChain.doFilter(FilterChainProxy.java:331) ~[spring-security-web-4.1.3.RELEASE.jar:4.1.3.RELEASE]
	at org.springframework.security.web.context.SecurityContextPersistenceFilter.doFilter(SecurityContextPersistenceFilter.java:105) ~[spring-security-web-4.1.3.RELEASE.jar:4.1.3.RELEASE]
	at org.springframework.security.web.FilterChainProxy$VirtualFilterChain.doFilter(FilterChainProxy.java:331) ~[spring-security-web-4.1.3.RELEASE.jar:4.1.3.RELEASE]
	at org.springframework.security.web.context.request.async.WebAsyncManagerIntegrationFilter.doFilterInternal(WebAsyncManagerIntegrationFilter.java:56) ~[spring-security-web-4.1.3.RELEASE.jar:4.1.3.RELEASE]
	at org.springframework.web.filter.OncePerRequestFilter.doFilter(OncePerRequestFilter.java:107) ~[spring-web-4.3.4.RELEASE.jar:4.3.4.RELEASE]
	at org.springframework.security.web.FilterChainProxy$VirtualFilterChain.doFilter(FilterChainProxy.java:331) ~[spring-security-web-4.1.3.RELEASE.jar:4.1.3.RELEASE]
	at org.springframework.security.web.FilterChainProxy.doFilterInternal(FilterChainProxy.java:214) ~[spring-security-web-4.1.3.RELEASE.jar:4.1.3.RELEASE]
	at org.springframework.security.web.FilterChainProxy.doFilter(FilterChainProxy.java:177) ~[spring-security-web-4.1.3.RELEASE.jar:4.1.3.RELEASE]
	at org.springframework.web.filter.DelegatingFilterProxy.invokeDelegate(DelegatingFilterProxy.java:346) ~[spring-web-4.3.4.RELEASE.jar:4.3.4.RELEASE]
	at org.springframework.web.filter.DelegatingFilterProxy.doFilter(DelegatingFilterProxy.java:262) ~[spring-web-4.3.4.RELEASE.jar:4.3.4.RELEASE]
	at org.apache.catalina.core.ApplicationFilterChain.internalDoFilter(ApplicationFilterChain.java:192) ~[tomcat-embed-core-8.5.6.jar:8.5.6]
	at org.apache.catalina.core.ApplicationFilterChain.doFilter(ApplicationFilterChain.java:165) ~[tomcat-embed-core-8.5.6.jar:8.5.6]
	at org.springframework.web.filter.RequestContextFilter.doFilterInternal(RequestContextFilter.java:99) ~[spring-web-4.3.4.RELEASE.jar:4.3.4.RELEASE]
	at org.springframework.web.filter.OncePerRequestFilter.doFilter(OncePerRequestFilter.java:107) ~[spring-web-4.3.4.RELEASE.jar:4.3.4.RELEASE]
	at org.apache.catalina.core.ApplicationFilterChain.internalDoFilter(ApplicationFilterChain.java:192) ~[tomcat-embed-core-8.5.6.jar:8.5.6]
	at org.apache.catalina.core.ApplicationFilterChain.doFilter(ApplicationFilterChain.java:165) ~[tomcat-embed-core-8.5.6.jar:8.5.6]
	at org.springframework.web.filter.HttpPutFormContentFilter.doFilterInternal(HttpPutFormContentFilter.java:89) ~[spring-web-4.3.4.RELEASE.jar:4.3.4.RELEASE]
	at org.springframework.web.filter.OncePerRequestFilter.doFilter(OncePerRequestFilter.java:107) ~[spring-web-4.3.4.RELEASE.jar:4.3.4.RELEASE]
	at org.apache.catalina.core.ApplicationFilterChain.internalDoFilter(ApplicationFilterChain.java:192) ~[tomcat-embed-core-8.5.6.jar:8.5.6]
	at org.apache.catalina.core.ApplicationFilterChain.doFilter(ApplicationFilterChain.java:165) ~[tomcat-embed-core-8.5.6.jar:8.5.6]
	at org.springframework.web.filter.HiddenHttpMethodFilter.doFilterInternal(HiddenHttpMethodFilter.java:77) ~[spring-web-4.3.4.RELEASE.jar:4.3.4.RELEASE]
	at org.springframework.web.filter.OncePerRequestFilter.doFilter(OncePerRequestFilter.java:107) ~[spring-web-4.3.4.RELEASE.jar:4.3.4.RELEASE]
	at org.apache.catalina.core.ApplicationFilterChain.internalDoFilter(ApplicationFilterChain.java:192) ~[tomcat-embed-core-8.5.6.jar:8.5.6]
	at org.apache.catalina.core.ApplicationFilterChain.doFilter(ApplicationFilterChain.java:165) ~[tomcat-embed-core-8.5.6.jar:8.5.6]
	at org.springframework.web.filter.CharacterEncodingFilter.doFilterInternal(CharacterEncodingFilter.java:197) ~[spring-web-4.3.4.RELEASE.jar:4.3.4.RELEASE]
	at org.springframework.web.filter.OncePerRequestFilter.doFilter(OncePerRequestFilter.java:107) ~[spring-web-4.3.4.RELEASE.jar:4.3.4.RELEASE]
	at org.apache.catalina.core.ApplicationFilterChain.internalDoFilter(ApplicationFilterChain.java:192) ~[tomcat-embed-core-8.5.6.jar:8.5.6]
	at org.apache.catalina.core.ApplicationFilterChain.doFilter(ApplicationFilterChain.java:165) ~[tomcat-embed-core-8.5.6.jar:8.5.6]
	at org.apache.catalina.core.StandardWrapperValve.invoke(StandardWrapperValve.java:198) ~[tomcat-embed-core-8.5.6.jar:8.5.6]
	at org.apache.catalina.core.StandardContextValve.invoke(StandardContextValve.java:108) [tomcat-embed-core-8.5.6.jar:8.5.6]
	at org.apache.catalina.authenticator.AuthenticatorBase.invoke(AuthenticatorBase.java:472) [tomcat-embed-core-8.5.6.jar:8.5.6]
	at org.apache.catalina.core.StandardHostValve.invoke(StandardHostValve.java:140) [tomcat-embed-core-8.5.6.jar:8.5.6]
	at org.apache.catalina.valves.ErrorReportValve.invoke(ErrorReportValve.java:79) [tomcat-embed-core-8.5.6.jar:8.5.6]
	at org.apache.catalina.core.StandardEngineValve.invoke(StandardEngineValve.java:87) [tomcat-embed-core-8.5.6.jar:8.5.6]
	at org.apache.catalina.connector.CoyoteAdapter.service(CoyoteAdapter.java:349) [tomcat-embed-core-8.5.6.jar:8.5.6]
	at org.apache.coyote.http11.Http11Processor.service(Http11Processor.java:784) [tomcat-embed-core-8.5.6.jar:8.5.6]
	at org.apache.coyote.AbstractProcessorLight.process(AbstractProcessorLight.java:66) [tomcat-embed-core-8.5.6.jar:8.5.6]
	at org.apache.coyote.AbstractProtocol$ConnectionHandler.process(AbstractProtocol.java:802) [tomcat-embed-core-8.5.6.jar:8.5.6]
	at org.apache.tomcat.util.net.NioEndpoint$SocketProcessor.doRun(NioEndpoint.java:1410) [tomcat-embed-core-8.5.6.jar:8.5.6]
	at org.apache.tomcat.util.net.SocketProcessorBase.run(SocketProcessorBase.java:49) [tomcat-embed-core-8.5.6.jar:8.5.6]
	at java.util.concurrent.ThreadPoolExecutor.runWorker(Unknown Source) [na:1.8.0_91]
	at java.util.concurrent.ThreadPoolExecutor$Worker.run(Unknown Source) [na:1.8.0_91]
	at org.apache.tomcat.util.threads.TaskThread$WrappingRunnable.run(TaskThread.java:61) [tomcat-embed-core-8.5.6.jar:8.5.6]
	at java.lang.Thread.run(Unknown Source) [na:1.8.0_91]

